<?xml version="1.0" encoding="UTF-8" ?>
<testsuite failures="0" time="0.109" errors="0" skipped="0" tests="9" name="mieszko.projekt.game.gamestore.tests.GameStoreTest">
  <properties>
    <property name="java.runtime.name" value="Java(TM) SE Runtime Environment"/>
    <property name="sun.boot.library.path" value="/usr/lib/jvm/java-6-sun-1.6.0.26/jre/lib/amd64"/>
    <property name="java.vm.version" value="20.1-b02"/>
    <property name="java.vm.vendor" value="Sun Microsystems Inc."/>
    <property name="java.vendor.url" value="http://java.sun.com/"/>
    <property name="path.separator" value=":"/>
    <property name="java.vm.name" value="Java HotSpot(TM) 64-Bit Server VM"/>
    <property name="file.encoding.pkg" value="sun.io"/>
    <property name="user.country" value="IE"/>
    <property name="sun.java.launcher" value="SUN_STANDARD"/>
    <property name="sun.os.patch.level" value="unknown"/>
    <property name="java.vm.specification.name" value="Java Virtual Machine Specification"/>
    <property name="user.dir" value="/home/maestr0/gitrepos/wypozyczalniavideo.maven/wypozyczalniavideo.maven"/>
    <property name="java.runtime.version" value="1.6.0_26-b03"/>
    <property name="java.awt.graphicsenv" value="sun.awt.X11GraphicsEnvironment"/>
    <property name="basedir" value="/home/maestr0/gitrepos/wypozyczalniavideo.maven/wypozyczalniavideo.maven"/>
    <property name="java.endorsed.dirs" value="/usr/lib/jvm/java-6-sun-1.6.0.26/jre/lib/endorsed"/>
    <property name="os.arch" value="amd64"/>
    <property name="surefire.real.class.path" value="/tmp/surefirebooter5955684557681805911.jar"/>
    <property name="java.io.tmpdir" value="/tmp"/>
    <property name="line.separator" value="
"/>
    <property name="java.vm.specification.vendor" value="Sun Microsystems Inc."/>
    <property name="os.name" value="Linux"/>
    <property name="sun.jnu.encoding" value="UTF-8"/>
    <property name="java.library.path" value="/usr/lib/jvm/java-6-sun-1.6.0.26/jre/lib/amd64/server:/usr/lib/jvm/java-6-sun-1.6.0.26/jre/lib/amd64:/usr/lib/jvm/java-6-sun-1.6.0.26/jre/../lib/amd64:/usr/lib64/xulrunner-addons:/usr/java/packages/lib/amd64:/usr/lib64:/lib64:/lib:/usr/lib"/>
    <property name="surefire.test.class.path" value="/home/maestr0/gitrepos/wypozyczalniavideo.maven/wypozyczalniavideo.maven/target/test-classes:/home/maestr0/gitrepos/wypozyczalniavideo.maven/wypozyczalniavideo.maven/target/classes:/home/maestr0/.m2/repository/log4j/log4j/1.2.16/log4j-1.2.16.jar:/home/maestr0/.m2/repository/org/hsqldb/hsqldb/2.2.4/hsqldb-2.2.4.jar:/home/maestr0/.m2/repository/junit/junit/4.10/junit-4.10.jar:/home/maestr0/.m2/repository/org/hamcrest/hamcrest-core/1.1/hamcrest-core-1.1.jar:"/>
    <property name="java.specification.name" value="Java Platform API Specification"/>
    <property name="java.class.version" value="50.0"/>
    <property name="sun.management.compiler" value="HotSpot 64-Bit Tiered Compilers"/>
    <property name="os.version" value="2.6.35-31-generic"/>
    <property name="user.home" value="/home/maestr0"/>
    <property name="user.timezone" value=""/>
    <property name="java.awt.printerjob" value="sun.print.PSPrinterJob"/>
    <property name="file.encoding" value="UTF-8"/>
    <property name="java.specification.version" value="1.6"/>
    <property name="user.name" value="maestr0"/>
    <property name="java.class.path" value="/home/maestr0/gitrepos/wypozyczalniavideo.maven/wypozyczalniavideo.maven/target/test-classes:/home/maestr0/gitrepos/wypozyczalniavideo.maven/wypozyczalniavideo.maven/target/classes:/home/maestr0/.m2/repository/log4j/log4j/1.2.16/log4j-1.2.16.jar:/home/maestr0/.m2/repository/org/hsqldb/hsqldb/2.2.4/hsqldb-2.2.4.jar:/home/maestr0/.m2/repository/junit/junit/4.10/junit-4.10.jar:/home/maestr0/.m2/repository/org/hamcrest/hamcrest-core/1.1/hamcrest-core-1.1.jar:"/>
    <property name="java.vm.specification.version" value="1.0"/>
    <property name="sun.arch.data.model" value="64"/>
    <property name="java.home" value="/usr/lib/jvm/java-6-sun-1.6.0.26/jre"/>
    <property name="sun.java.command" value="/tmp/surefirebooter5955684557681805911.jar /tmp/surefire3371661545169120874tmp /tmp/surefire622743737458728160tmp"/>
    <property name="java.specification.vendor" value="Sun Microsystems Inc."/>
    <property name="user.language" value="en"/>
    <property name="java.vm.info" value="mixed mode"/>
    <property name="java.version" value="1.6.0_26"/>
    <property name="java.ext.dirs" value="/usr/lib/jvm/java-6-sun-1.6.0.26/jre/lib/ext:/usr/java/packages/lib/ext"/>
    <property name="sun.boot.class.path" value="/usr/lib/jvm/java-6-sun-1.6.0.26/jre/lib/resources.jar:/usr/lib/jvm/java-6-sun-1.6.0.26/jre/lib/rt.jar:/usr/lib/jvm/java-6-sun-1.6.0.26/jre/lib/sunrsasign.jar:/usr/lib/jvm/java-6-sun-1.6.0.26/jre/lib/jsse.jar:/usr/lib/jvm/java-6-sun-1.6.0.26/jre/lib/jce.jar:/usr/lib/jvm/java-6-sun-1.6.0.26/jre/lib/charsets.jar:/usr/lib/jvm/java-6-sun-1.6.0.26/jre/lib/modules/jdk.boot.jar:/usr/lib/jvm/java-6-sun-1.6.0.26/jre/classes"/>
    <property name="java.vendor" value="Sun Microsystems Inc."/>
    <property name="localRepository" value="/home/maestr0/.m2/repository"/>
    <property name="file.separator" value="/"/>
    <property name="java.vendor.url.bug" value="http://java.sun.com/cgi-bin/bugreport.cgi"/>
    <property name="sun.cpu.endian" value="little"/>
    <property name="sun.io.unicode.encoding" value="UnicodeLittle"/>
    <property name="sun.desktop" value="gnome"/>
    <property name="sun.cpu.isalist" value=""/>
  </properties>
  <testcase time="0.052" classname="mieszko.projekt.game.gamestore.tests.GameStoreTest" name="showAllGamesInStoreTest"/>
  <testcase time="0.004" classname="mieszko.projekt.game.gamestore.tests.GameStoreTest" name="removeGameFromStoreTest"/>
  <testcase time="0.003" classname="mieszko.projekt.game.gamestore.tests.GameStoreTest" name="purchaseGameTest"/>
  <testcase time="0.002" classname="mieszko.projekt.game.gamestore.tests.GameStoreTest" name="settingPriceTest"/>
  <testcase time="0.002" classname="mieszko.projekt.game.gamestore.tests.GameStoreTest" name="findByCompanyTest"/>
  <testcase time="0.001" classname="mieszko.projekt.game.gamestore.tests.GameStoreTest" name="findByDataCarrierTypeTest"/>
  <testcase time="0.004" classname="mieszko.projekt.game.gamestore.tests.GameStoreTest" name="findByTitleTest"/>
  <testcase time="0.006" classname="mieszko.projekt.game.gamestore.tests.GameStoreTest" name="createCustomerWithNegativeAmountOfMoneyTest"/>
  <testcase time="0.002" classname="mieszko.projekt.game.gamestore.tests.GameStoreTest" name="clientHasNoMoneyToPayTest"/>
</testsuite>